[HQHOST]
HostNum=23
PrimaryHost=0

HostName01=中原证券郑州联通BH1
IPAddress01=125.46.62.162
Port01=7709
Areas01=2
Weight01=90

HostName02=中原证券郑州联通BH2
IPAddress02=125.46.62.163
Port02=7709
Areas02=2
Weight02=91

HostName03=中原证券郑州联通BH3
IPAddress03=125.46.62.164
Port03=7709
Areas03=2
Weight03=92

HostName04=中原证券郑州联通BH4
IPAddress04=125.46.62.165
Port04=7709
Areas04=2
Weight04=93

HostName05=中原证券郑州联通BH5
IPAddress05=125.46.62.166
Port05=7709
Areas05=2
Weight05=94

HostName06=中原证券郑州联通BH6
IPAddress06=125.46.62.167
Port06=7709
Areas06=2
Weight06=95

HostName07=中原证券郑州联通BH7
IPAddress07=125.46.62.168
Port07=7709
Areas07=2
Weight07=90

HostName08=中原证券郑州联通BH8
IPAddress08=125.46.62.169
Port08=7709
Areas08=2
Weight08=96

HostName09=中原证券郑州联通BH9
IPAddress09=125.46.62.170
Port09=7709
Areas09=2
Weight09=97

HostName10=中原证券郑州联通BH10
IPAddress10=125.46.36.130
Port10=7709
Areas10=2
Weight10=98

HostName11=中原证券郑州联通BH11
IPAddress11=125.46.36.131
Port11=7709
Areas11=2
Weight11=99

HostName12=中原证券郑州联通BH12
IPAddress12=125.46.36.132
Port12=7709
Areas12=2
Weight12=100

HostName13=中原证券郑州联通ZYL1
IPAddress13=125.46.92.2
Port13=7709
Areas13=2,3
Weight13=96

HostName14=中原证券郑州联通ZYL2
IPAddress14=125.46.92.3
Port14=7709
Areas14=2,3
Weight14=97

HostName15=中原证券郑州联通ZYL3
IPAddress15=125.46.92.4
Port15=7709
Areas15=2,3
Weight15=98

HostName16=中原证券郑州联通ZYL4
IPAddress16=125.46.92.5
Port16=7709
Areas16=2,3
Weight16=99

HostName17=中原证券郑州联通ZYL5
IPAddress17=125.46.92.6
Port17=7709
Areas17=2,3
Weight17=100

HostName18=中原证券郑州电信JSL1
IPAddress18=1.192.125.2
Port18=7709
Areas18=1
Weight18=98

HostName19=中原证券郑州电信JSL2
IPAddress19=1.192.125.3
Port19=7709
Areas19=1
Weight19=99

HostName20=中原证券郑州电信JSL3
IPAddress20=1.192.125.4
Port20=7709
Areas20=1
Weight20=100

HostName21=中原证券联通云行情
IPAddress21=123.6.55.61
Port21=7709
Areas21=2,3
Weight21=100

HostName22=中原证券阿里云行情
IPAddress22=121.43.74.140
Port22=7709
Areas22=1,2,3
Weight22=100

HostName23=中原证券上证云行情
IPAddress23=175.6.5.144
Port23=7709
Areas23=1
Weight23=100


[INFOHOST]
NFO=1
AUTOPOP=0
InfoURLStr=
InfoURL=
HostNum=23
PrimaryHost=0

HostName01=中原证券郑州联通BH1
IPAddress01=125.46.62.162
Port01=7711
Areas01=2
Weight01=90

HostName02=中原证券郑州联通BH2
IPAddress02=125.46.62.163
Port02=7711
Areas02=2
Weight02=100

HostName03=中原证券郑州联通BH3
IPAddress03=125.46.62.164
Port03=7711
Areas03=2
Weight03=100

HostName04=中原证券郑州联通BH4
IPAddress04=125.46.62.165
Port04=7711
Areas04=2
Weight04=100

HostName05=中原证券郑州联通BH5
IPAddress05=125.46.62.166
Port05=7711
Areas05=2
Weight05=100

HostName06=中原证券郑州联通BH6
IPAddress06=125.46.62.167
Port06=7711
Areas06=2
Weight06=90

HostName07=中原证券郑州联通BH7
IPAddress07=125.46.62.168
Port07=7711
Areas07=2
Weight07=100

HostName08=中原证券郑州联通BH8
IPAddress08=125.46.62.169
Port08=7711
Areas08=2
Weight08=100

HostName09=中原证券郑州联通BH9
IPAddress09=125.46.62.170
Port09=7711
Areas09=2
Weight09=100

HostName10=中原证券郑州联通BH10
IPAddress10=125.46.36.130
Port10=7711
Areas10=2
Weight10=100

HostName11=中原证券郑州联通BH11
IPAddress11=125.46.36.131
Port11=7711
Areas11=2
Weight11=100

HostName12=中原证券郑州联通BH12
IPAddress12=125.46.36.132
Port12=7711
Areas12=2
Weight12=100

HostName13=中原证券郑州联通ZYL1
IPAddress13=125.46.92.2
Port13=7711
Areas13=2
Weight13=96

HostName14=中原证券郑州联通ZYL2
IPAddress14=125.46.92.3
Port14=7711
Areas14=2
Weight14=97

HostName15=中原证券郑州联通ZYL3
IPAddress15=125.46.92.4
Port15=7711
Areas15=2
Weight15=98

HostName16=中原证券郑州联通ZYL4
IPAddress16=125.46.92.5
Port16=7711
Areas16=2
Weight16=99

HostName17=中原证券郑州联通ZYL5
IPAddress17=125.46.92.6
Port17=7711
Areas17=2
Weight17=100

HostName18=中原证券郑州电信JSL1
IPAddress18=1.192.125.2
Port18=7711
Areas18=1
Weight18=98

HostName19=中原证券郑州电信JSL2
IPAddress19=1.192.125.3
Port19=7711
Areas19=1
Weight19=99

HostName20=中原证券郑州电信JSL3
IPAddress20=1.192.125.4
Port20=7711
Areas20=1
Weight20=100

HostName21=中原证券联通云资讯
IPAddress21=123.6.55.61
Port21=7711
Areas21=2,3
Weight21=100

HostName22=中原证券阿里云资讯
IPAddress22=121.43.74.140
Port22=7711
Areas22=1,2,3
Weight22=100

HostName23=中原证券上证云资讯
IPAddress23=175.6.5.144
Port23=7711
Areas23=1
Weight23=100


[DSHOST]
HostNum=12
PrimaryHost=0
HostName01=中原证券扩展行情BH1
IPAddress01=125.46.36.136
Port01=7721
Areas01=2
Weight01=80

HostName02=中原证券扩展行情BH2
IPAddress02=125.46.36.137
Port02=7721
Areas02=2
Weight02=80

HostName03=中原证券扩展行情BH3
IPAddress03=125.46.36.138
Port03=7721
Areas03=2
Weight03=80

HostName04=中原证券扩展行情BH4
IPAddress04=125.46.36.139
Port04=7721
Areas04=2
Weight04=80

HostName05=中原证券扩展行情ZYL1
IPAddress05=202.102.249.104
Port05=7721
Areas05=2
Weight05=100

HostName06=中原证券扩展行情ZYL2
IPAddress06=202.102.249.39
Port06=7721
Areas06=2
Weight06=100

HostName07=中原证券扩展行情ZYL3
IPAddress07=202.102.249.40
Port07=7721
Areas07=2
Weight07=100

HostName08=中原证券扩展行情ZYL4
IPAddress08=202.102.249.41
Port08=7721
Areas08=2
Weight08=100

HostName09=中原证券扩展行情JSL1
IPAddress09=1.192.125.5
Port09=7721
Areas09=1
Weight09=100

HostName10=中原证券扩展行情JSL2
IPAddress10=1.192.125.6
Port10=7721
Areas10=1
Weight10=100

HostName11=中原证券扩展行情联通云
IPAddress11=123.6.55.61
Port11=7721
Areas11=2,3
Weight11=90

HostName12=中原证券扩展行情阿里云
IPAddress12=101.37.3.254
Port12=7721
Areas12=1,2,3
Weight12=90
